  TrailBuffer.cpp
c:\users\gmh\desktop\client\8th_port\engine\resources\code\trailbuffer.cpp(96): warning C4244: '=': 'Engine::_ulong'에서 'Engine::_ushort'(으)로 변환하면서 데이터가 손실될 수 있습니다.
c:\users\gmh\desktop\client\8th_port\engine\resources\code\trailbuffer.cpp(97): warning C4244: '=': 'Engine::_ulong'에서 'Engine::_ushort'(으)로 변환하면서 데이터가 손실될 수 있습니다.
c:\users\gmh\desktop\client\8th_port\engine\resources\code\trailbuffer.cpp(98): warning C4244: '=': 'Engine::_ulong'에서 'Engine::_ushort'(으)로 변환하면서 데이터가 손실될 수 있습니다.
c:\users\gmh\desktop\client\8th_port\engine\resources\code\trailbuffer.cpp(101): warning C4244: '=': 'Engine::_ulong'에서 'Engine::_ushort'(으)로 변환하면서 데이터가 손실될 수 있습니다.
c:\users\gmh\desktop\client\8th_port\engine\resources\code\trailbuffer.cpp(102): warning C4244: '=': 'Engine::_ulong'에서 'Engine::_ushort'(으)로 변환하면서 데이터가 손실될 수 있습니다.
c:\users\gmh\desktop\client\8th_port\engine\resources\code\trailbuffer.cpp(103): warning C4244: '=': 'Engine::_ulong'에서 'Engine::_ushort'(으)로 변환하면서 데이터가 손실될 수 있습니다.
  Resources.vcxproj -> C:\Users\GMH\Desktop\Client\8th_Port\Engine\Resources\Default\../Bin\Resources.dll
  Resources.vcxproj -> ../Bin\Resources.pdb (Full PDB)
  .\Engine\Resources\Code\AniCtrl.h
  .\Engine\Resources\Code\Cell.h
  .\Engine\Resources\Code\CollSphere.h
  .\Engine\Resources\Code\CubeTex.h
  .\Engine\Resources\Code\DynamicMesh.h
  .\Engine\Resources\Code\HierarchyLoader.h
  .\Engine\Resources\Code\Line.h
  .\Engine\Resources\Code\Mesh.h
  .\Engine\Resources\Code\NaviMesh.h
  .\Engine\Resources\Code\ObjSphere.h
  .\Engine\Resources\Code\PtTex.h
  .\Engine\Resources\Code\RcTex.h
  .\Engine\Resources\Code\Resources.h
  .\Engine\Resources\Code\ResourcesMgr.h
  .\Engine\Resources\Code\Sphere.h
  .\Engine\Resources\Code\StaticMesh.h
  .\Engine\Resources\Code\TerrainTex.h
  .\Engine\Resources\Code\TerrainTriCol.h
  .\Engine\Resources\Code\TestTrail.h
  .\Engine\Resources\Code\Texture.h
  .\Engine\Resources\Code\TrailBuffer.h
  .\Engine\Resources\Code\TriCol.h
  .\Engine\Resources\Code\VIBuffer.h
         23개 파일이 복사되었습니다.
          1개 파일이 복사되었습니다.
          1개 파일이 복사되었습니다.
  .\Engine\Header\Engine_Define.h
  .\Engine\Header\Engine_Enum.h
  .\Engine\Header\Engine_Function.h
  .\Engine\Header\Engine_Macro.h
  .\Engine\Header\Engine_Struct.h
  .\Engine\Header\Engine_Typedef.h
  .\Engine\Header\Export_Function.h
  .\Engine\Header\Export_Resouces.h
  .\Engine\Header\Export_System.h
  .\Engine\Header\Export_Utility.h
         10개 파일이 복사되었습니다.
  .\Engine\Header\Export_Resouces.inl
  .\Engine\Header\Export_System.inl
  .\Engine\Header\Export_Utility.inl
          3개 파일이 복사되었습니다.
