d:\nalvan\110c\frame110\engine\utility\default\debug\vc140.pdb
d:\nalvan\110c\frame110\engine\utility\default\debug\vc140.idb
d:\nalvan\110c\frame110\engine\utility\default\debug\calculator.obj
d:\nalvan\110c\frame110\engine\utility\default\debug\camera.obj
d:\nalvan\110c\frame110\engine\utility\default\debug\component.obj
d:\nalvan\110c\frame110\engine\utility\default\debug\light.obj
d:\nalvan\110c\frame110\engine\utility\default\debug\lightmgr.obj
d:\nalvan\110c\frame110\engine\utility\default\debug\pipeline.obj
d:\nalvan\110c\frame110\engine\utility\default\debug\protomgr.obj
d:\nalvan\110c\frame110\engine\utility\default\debug\gameobject.obj
d:\nalvan\110c\frame110\engine\utility\default\debug\layer.obj
d:\nalvan\110c\frame110\engine\utility\default\debug\management.obj
d:\nalvan\110c\frame110\engine\utility\default\debug\renderer.obj
d:\nalvan\110c\frame110\engine\utility\default\debug\scene.obj
d:\nalvan\110c\frame110\engine\utility\default\debug\transform.obj
d:\nalvan\110c\frame110\engine\utility\default\debug\collider.obj
d:\nalvan\110c\frame110\engine\utility\bin\utility.ilk
d:\nalvan\110c\frame110\engine\utility\bin\utility.dll
d:\nalvan\110c\frame110\engine\utility\bin\utility.pdb
d:\nalvan\110c\frame110\engine\utility\bin\utility.lib
d:\nalvan\110c\frame110\engine\utility\bin\utility.exp
d:\nalvan\110c\frame110\engine\utility\default\../bin\utility.dll
d:\nalvan\110c\frame110\engine\utility\default\debug\utility.tlog\cl.command.1.tlog
d:\nalvan\110c\frame110\engine\utility\default\debug\utility.tlog\cl.read.1.tlog
d:\nalvan\110c\frame110\engine\utility\default\debug\utility.tlog\cl.write.1.tlog
d:\nalvan\110c\frame110\engine\utility\default\debug\utility.tlog\link.command.1.tlog
d:\nalvan\110c\frame110\engine\utility\default\debug\utility.tlog\link.read.1.tlog
d:\nalvan\110c\frame110\engine\utility\default\debug\utility.tlog\link.write.1.tlog
d:\nalvan\110c\frame110\engine\utility\default\debug\utility.tlog\utility.write.1u.tlog
