c:\users\gmh\desktop\8th2\client\default\debug\client.pch
c:\users\gmh\desktop\8th2\client\default\debug\vc140.pdb
c:\users\gmh\desktop\8th2\client\default\debug\vc140.idb
c:\users\gmh\desktop\8th2\client\default\debug\stdafx.obj
c:\users\gmh\desktop\8th2\client\default\debug\background.obj
c:\users\gmh\desktop\8th2\client\default\debug\dynamiccamera.obj
c:\users\gmh\desktop\8th2\client\default\debug\loading.obj
c:\users\gmh\desktop\8th2\client\default\debug\logo.obj
c:\users\gmh\desktop\8th2\client\default\debug\mainapp.obj
c:\users\gmh\desktop\8th2\client\default\debug\monster.obj
c:\users\gmh\desktop\8th2\client\default\debug\player.obj
c:\users\gmh\desktop\8th2\client\default\debug\skybox.obj
c:\users\gmh\desktop\8th2\client\default\debug\stage.obj
c:\users\gmh\desktop\8th2\client\default\debug\stone.obj
c:\users\gmh\desktop\8th2\client\default\debug\sword.obj
c:\users\gmh\desktop\8th2\client\default\debug\terrain.obj
c:\users\gmh\desktop\8th2\client\default\debug\testmonster.obj
c:\users\gmh\desktop\8th2\client\default\debug\testplayer.obj
c:\users\gmh\desktop\8th2\client\default\debug\client.obj
c:\users\gmh\desktop\8th2\client\bin\client.lib
c:\users\gmh\desktop\8th2\client\bin\client.exp
c:\users\gmh\desktop\8th2\client\bin\client.ilk
c:\users\gmh\desktop\8th2\client\bin\client.exe
c:\users\gmh\desktop\8th2\client\bin\client.pdb
c:\users\gmh\desktop\8th2\client\default\debug\client.res
c:\users\gmh\desktop\8th2\client\default\../bin\client.exe
c:\users\gmh\desktop\8th2\client\default\debug\client.tlog\cl.command.1.tlog
c:\users\gmh\desktop\8th2\client\default\debug\client.tlog\cl.read.1.tlog
c:\users\gmh\desktop\8th2\client\default\debug\client.tlog\cl.write.1.tlog
c:\users\gmh\desktop\8th2\client\default\debug\client.tlog\client.write.1u.tlog
c:\users\gmh\desktop\8th2\client\default\debug\client.tlog\link.command.1.tlog
c:\users\gmh\desktop\8th2\client\default\debug\client.tlog\link.read.1.tlog
c:\users\gmh\desktop\8th2\client\default\debug\client.tlog\link.write.1.tlog
c:\users\gmh\desktop\8th2\client\default\debug\client.tlog\rc.command.1.tlog
c:\users\gmh\desktop\8th2\client\default\debug\client.tlog\rc.read.1.tlog
c:\users\gmh\desktop\8th2\client\default\debug\client.tlog\rc.write.1.tlog
